<?xml version="1.0" encoding="UTF-8"?>
<!-- Generated by org.testng.reporters.JUnitXMLReporter -->
<testsuite ignored="13" hostname="Mac-mini" failures="1" tests="1" name="Test2" time="2.299" errors="0" timestamp="2021-12-10T20:36:17 EST">
  <testcase classname="TestCases.orangeHRMTestCase" name="loginToHRM" time="2.157">
    <failure type="java.lang.NullPointerException">
      <![CDATA[java.lang.NullPointerException
at java.base/java.lang.String.contains(String.java:2036)
at TestCases.orangeHRMTestCase.loginToHRM(orangeHRMTestCase.java:42)
at java.base/java.util.ArrayList.forEach(ArrayList.java:1541)
... Removed 27 stack frames]]>
    </failure>
  </testcase> <!-- loginToHRM -->
  <testcase classname="TestCases.orangeHRMTestCase" name="loginToHRM4" time="0.0">
    <ignored/>
  </testcase> <!-- loginToHRM4 -->
  <testcase classname="TestCases.orangeHRMTestCase" name="loginToHRM3" time="0.0">
    <ignored/>
  </testcase> <!-- loginToHRM3 -->
  <testcase classname="TestCases.iFrame" name="iframetest1" time="0.0">
    <ignored/>
  </testcase> <!-- iframetest1 -->
  <testcase classname="TestCases.iFrame" name="iframeTest2" time="0.0">
    <ignored/>
  </testcase> <!-- iframeTest2 -->
  <testcase classname="TestCases.orangeHRMTestCase" name="loginToHRM2" time="0.0">
    <ignored/>
  </testcase> <!-- loginToHRM2 -->
  <testcase classname="TestCases.searchTest" name="task1" time="0.0">
    <ignored/>
  </testcase> <!-- task1 -->
  <testcase classname="TestCases.TestNG_AnnotationTasks" name="Ariuna" time="0.0">
    <ignored/>
  </testcase> <!-- Ariuna -->
  <testcase classname="TestCases.searchTest" name="usingCommonMethods" time="0.0">
    <ignored/>
  </testcase> <!-- usingCommonMethods -->
  <testcase classname="TestCases.TestNG_AnnotationTasks" name="Darima" time="0.0">
    <ignored/>
  </testcase> <!-- Darima -->
  <testcase classname="TestCases.TestNG_AnnotationTasks" name="Dina" time="0.0">
    <ignored/>
  </testcase> <!-- Dina -->
  <testcase classname="TestCases.TestNG_AnnotationTasks" name="Apal" time="0.0">
    <ignored/>
  </testcase> <!-- Apal -->
  <testcase classname="TestCases.TestNG_AnnotationTasks" name="Hannah" time="0.0">
    <ignored/>
  </testcase> <!-- Hannah -->
  <testcase classname="TestCases.orangeHRMTestCase" name="deleteNationality" time="0.0">
    <ignored/>
  </testcase> <!-- deleteNationality -->
</testsuite> <!-- Test2 -->
