<?xml version="1.0" encoding="UTF-8"?>
<!-- Generated by org.testng.reporters.JUnitXMLReporter -->
<testsuite ignored="4" hostname="Shafkats-MBP" failures="0" tests="1" name="Test2" time="5.679" errors="0" timestamp="2021-12-29T21:13:54 EST">
  <testcase classname="TestCases.orangeHRMTestCase" name="loginToHRM" time="1.883"/>
  <testcase classname="TestCases.orangeHRMTestCase" name="loginToHRM4" time="0.0">
    <ignored/>
  </testcase> <!-- loginToHRM4 -->
  <testcase classname="TestCases.orangeHRMTestCase" name="loginToHRM3" time="0.0">
    <ignored/>
  </testcase> <!-- loginToHRM3 -->
  <testcase classname="TestCases.orangeHRMTestCase" name="loginToHRM2" time="0.0">
    <ignored/>
  </testcase> <!-- loginToHRM2 -->
  <testcase classname="TestCases.orangeHRMTestCase" name="deleteNationality" time="0.0">
    <ignored/>
  </testcase> <!-- deleteNationality -->
</testsuite> <!-- Test2 -->
