<?xml version="1.0" encoding="UTF-8"?>
<!-- Generated by org.testng.reporters.JUnitXMLReporter -->
<testsuite ignored="0" hostname="Mac-mini" failures="0" tests="6" name="Test" time="0.107" errors="0" timestamp="2021-12-09T21:28:58 EST">
  <testcase classname="TestCases.dataProviderTest" name="testPrimeNumberChecker" time="0.008"/>
  <testcase classname="TestCases.dataProviderTest" name="testPrimeNumberChecker" time="0.002"/>
  <testcase classname="TestCases.dataProviderTest" name="testPrimeNumberChecker" time="0.002"/>
  <testcase classname="TestCases.dataProviderTest" name="testPrimeNumberChecker" time="0.002"/>
  <testcase classname="TestCases.dataProviderTest" name="testPrimeNumberChecker" time="0.002"/>
  <testcase classname="TestCases.dataProviderTest" name="testPrimeNumberChecker" time="0.007"/>
</testsuite> <!-- Test -->
