<?xml version="1.0" encoding="UTF-8"?>
<!-- Generated by org.testng.reporters.JUnitXMLReporter -->
<testsuite ignored="2" hostname="Mac-mini" failures="1" tests="3" name="Test1" time="16.783" errors="0" timestamp="2021-12-09T21:57:41 EST">
  <testcase classname="TestCases.orangeHRMTestCase" name="loginToHRM" time="2.181">
    <failure type="java.lang.NullPointerException">
      <![CDATA[java.lang.NullPointerException
at java.base/java.lang.String.contains(String.java:2036)
at TestCases.orangeHRMTestCase.loginToHRM(orangeHRMTestCase.java:42)
at java.base/java.util.ArrayList.forEach(ArrayList.java:1541)
... Removed 27 stack frames]]>
    </failure>
  </testcase> <!-- loginToHRM -->
  <testcase classname="TestCases.orangeHRMTestCase" name="loginToHRM2" time="2.295"/>
  <testcase classname="TestCases.orangeHRMTestCase" name="loginToHRM4" time="2.088"/>
  <testcase classname="TestCases.orangeHRMTestCase" name="loginToHRM3" time="0.0">
    <ignored/>
  </testcase> <!-- loginToHRM3 -->
  <testcase classname="TestCases.orangeHRMTestCase" name="deleteNationality" time="0.0">
    <ignored/>
  </testcase> <!-- deleteNationality -->
</testsuite> <!-- Test1 -->
